<?xml version="1.0" encoding="UTF-8"?>
<!-- Generated by org.testng.reporters.JUnitXMLReporter -->
<testsuite ignored="0" hostname="LAPTOP-LP12JFC0" failures="0" tests="16" name="StudentAPItest" time="3.242" errors="0" timestamp="2023-04-11T11:30:40 IST">
  <testcase classname="com.studentapi.testCases.TC001_GET_AllStudents" name="checkHeader" time="0.013"/>
  <testcase classname="com.studentapi.testCases.TC001_GET_AllStudents" name="checkResponseBody" time="0.049"/>
  <testcase classname="com.studentapi.testCases.TC001_GET_AllStudents" name="checkStatusCode" time="0.011"/>
  <testcase classname="com.studentapi.testCases.TC001_GET_AllStudents" name="checkStatusLine" time="0.005"/>
  <testcase classname="com.studentapi.testCases.TC002_GET_SingleStudent" name="checkHeader" time="0.004"/>
  <testcase classname="com.studentapi.testCases.TC002_GET_SingleStudent" name="checkResponseBody" time="0.004"/>
  <testcase classname="com.studentapi.testCases.TC002_GET_SingleStudent" name="checkStatusCode" time="0.003"/>
  <testcase classname="com.studentapi.testCases.TC002_GET_SingleStudent" name="checkStatusLine" time="0.003"/>
  <testcase classname="com.studentapi.testCases.TC003_POST_AddStudent" name="checkHeader" time="0.003"/>
  <testcase classname="com.studentapi.testCases.TC003_POST_AddStudent" name="checkResponseBody" time="0.008"/>
  <testcase classname="com.studentapi.testCases.TC003_POST_AddStudent" name="checkStatusCode" time="0.007"/>
  <testcase classname="com.studentapi.testCases.TC003_POST_AddStudent" name="checkStatusLine" time="0.005"/>
  <testcase classname="com.studentapi.testCases.TC004_DELETET_DeleteStudent" name="checkHeader" time="0.004"/>
  <testcase classname="com.studentapi.testCases.TC004_DELETET_DeleteStudent" name="checkResponseBody" time="0.007"/>
  <testcase classname="com.studentapi.testCases.TC004_DELETET_DeleteStudent" name="checkStatusCode" time="0.004"/>
  <testcase classname="com.studentapi.testCases.TC004_DELETET_DeleteStudent" name="checkStatusLine" time="0.003"/>
</testsuite> <!-- StudentAPItest -->
