<?xml version="1.0" encoding="UTF-8"?>
<!-- Generated by org.testng.reporters.JUnitXMLReporter -->
<testsuite ignored="0" hostname="LAPTOP-LP12JFC0" failures="0" tests="4" name="Default test" time="2.862" errors="0" timestamp="2023-04-11T11:30:13 IST">
  <testcase classname="com.studentapi.testCases.TC004_DELETET_DeleteStudent" name="checkHeader" time="0.014"/>
  <testcase classname="com.studentapi.testCases.TC004_DELETET_DeleteStudent" name="checkResponseBody" time="0.005"/>
  <testcase classname="com.studentapi.testCases.TC004_DELETET_DeleteStudent" name="checkStatusCode" time="0.004"/>
  <testcase classname="com.studentapi.testCases.TC004_DELETET_DeleteStudent" name="checkStatusLine" time="0.004"/>
</testsuite> <!-- Default test -->
